<?xml version="1.0" encoding="UTF-8"?>
<!-- Generated by org.testng.reporters.JUnitReportReporter -->
<testsuite skipped="0" hostname="DESKTOP-09P1LB6" name="Maven.AppiumTest" tests="3" failures="0" timestamp="09 Apr 2020 10:54:33 GMT" time="0.023" errors="0">
  <testcase name="MobileDataEntry" time="0.018" classname="Maven.AppiumTest"/>
  <testcase name="MobileLogin" time="0.003" classname="Maven.AppiumTest"/>
  <testcase name="MobileLogout" time="0.002" classname="Maven.AppiumTest"/>
</testsuite> <!-- Maven.AppiumTest -->
