<?xml version="1.0" encoding="UTF-8"?>
<!-- Generated by org.testng.reporters.JUnitReportReporter -->
<testsuite skipped="0" hostname="DESKTOP-09P1LB6" name="Maven.AppiumTest" tests="3" failures="0" timestamp="2020-04-09T18:01:32 IST" time="0.009" errors="0">
  <testcase name="MobileLogin" time="0.000" classname="Maven.AppiumTest"/>
  <system-out/>
  <testcase name="MobileDataEntry" time="0.008" classname="Maven.AppiumTest"/>
  <system-out/>
  <testcase name="MobileLogout" time="0.001" classname="Maven.AppiumTest"/>
  <system-out/>
</testsuite> <!-- Maven.AppiumTest -->
