<?xml version="1.0" encoding="UTF-8"?>
<!-- Generated by org.testng.reporters.JUnitReportReporter -->
<testsuite skipped="0" hostname="DESKTOP-09P1LB6" name="Maven.SeleniumTest" tests="3" failures="0" timestamp="2020-04-09T18:01:32 IST" time="0.002" errors="0">
  <testcase name="Home" time="0.001" classname="Maven.SeleniumTest"/>
  <system-out/>
  <testcase name="Logout" time="0.001" classname="Maven.SeleniumTest"/>
  <system-out/>
  <testcase name="Login" time="0.000" classname="Maven.SeleniumTest"/>
  <system-out/>
</testsuite> <!-- Maven.SeleniumTest -->
